android/src2.0/HelloAnyChatCloud/app/build/outputs/logs/manifest-merger-debug-report.txt
-- Merging decision tree log ---
manifest
ADDED from src\main\AndroidManifest.xml:1:1-45:12
INJECTED from src\main\AndroidManifest.xml:1:1-45:12
INJECTED from src\main\AndroidManifest.xml:1:1-45:12
INJECTED from src\main\AndroidManifest.xml:1:1-45:12
INJECTED from src\main\AndroidManifest.xml:1:1-45:12
INJECTED from src\main\AndroidManifest.xml:1:1-45:12
INJECTED from src\main\AndroidManifest.xml:1:1-45:12
	package
		ADDED from src\main\AndroidManifest.xml:2:5-44
		INJECTED from src\main\AndroidManifest.xml
		INJECTED from src\main\AndroidManifest.xml
	android:versionName
		ADDED from src\main\AndroidManifest.xml:4:5-30
		INJECTED from src\main\AndroidManifest.xml
		INJECTED from src\main\AndroidManifest.xml
	xmlns:android
		ADDED from src\main\AndroidManifest.xml:1:11-69
	android:versionCode
		ADDED from src\main\AndroidManifest.xml:3:5-28
		INJECTED from src\main\AndroidManifest.xml
		INJECTED from src\main\AndroidManifest.xml
uses-sdk
ADDED from src\main\AndroidManifest.xml:6:5-46
INJECTED from src\main\AndroidManifest.xml:6:5-46
INJECTED from src\main\AndroidManifest.xml:6:5-46
INJECTED from src\main\AndroidManifest.xml:6:5-46
INJECTED from src\main\AndroidManifest.xml:6:5-46
	android:targetSdkVersion
		ADDED from src\main\AndroidManifest.xml:6:15-43
		INJECTED from src\main\AndroidManifest.xml
		INJECTED from src\main\AndroidManifest.xml
	android:minSdkVersion
		INJECTED from src\main\AndroidManifest.xml
		ADDED from src\main\AndroidManifest.xml:6:5-46
		INJECTED from src\main\AndroidManifest.xml
application
ADDED from src\main\AndroidManifest.xml:8:5-36:19
	android:label
		ADDED from src\main\AndroidManifest.xml:11:9-41
	android:icon
		ADDED from src\main\AndroidManifest.xml:10:9-45
	android:allowBackup
		ADDED from src\main\AndroidManifest.xml:9:9-35
	android:theme
		ADDED from src\main\AndroidManifest.xml:12:9-40
activity#com.example.helloanychatcloud.MainActivity
ADDED from src\main\AndroidManifest.xml:13:9-21:20
	android:label
		ADDED from src\main\AndroidManifest.xml:16:13-45
	android:configChanges
		ADDED from src\main\AndroidManifest.xml:15:13-74
	android:name
		ADDED from src\main\AndroidManifest.xml:14:13-41
intent-filter#action:name:android.intent.action.MAIN+category:name:android.intent.category.LAUNCHER
ADDED from src\main\AndroidManifest.xml:17:13-20:29
action#android.intent.action.MAIN
ADDED from src\main\AndroidManifest.xml:18:17-69
	android:name
		ADDED from src\main\AndroidManifest.xml:18:25-66
category#android.intent.category.LAUNCHER
ADDED from src\main\AndroidManifest.xml:19:17-77
	android:name
		ADDED from src\main\AndroidManifest.xml:19:27-74
activity#com.example.helloanychatcloud.VideoActivity
ADDED from src\main\AndroidManifest.xml:22:9-28:20
	android:configChanges
		ADDED from src\main\AndroidManifest.xml:24:13-74
	android:name
		ADDED from src\main\AndroidManifest.xml:23:13-42
intent-filter#category:name:android.intent.category.DEFAULT
ADDED from src\main\AndroidManifest.xml:25:13-27:29
category#android.intent.category.DEFAULT
ADDED from src\main\AndroidManifest.xml:26:17-76
	android:name
		ADDED from src\main\AndroidManifest.xml:26:27-73
activity#com.example.helloanychatcloud.VideoConfig
ADDED from src\main\AndroidManifest.xml:29:9-35:20
	android:configChanges
		ADDED from src\main\AndroidManifest.xml:31:13-74
	android:name
		ADDED from src\main\AndroidManifest.xml:30:13-40
uses-permission#android.permission.WRITE_EXTERNAL_STORAGE
ADDED from src\main\AndroidManifest.xml:38:5-81
	android:name
		ADDED from src\main\AndroidManifest.xml:38:22-78
uses-permission#android.permission.CAMERA
ADDED from src\main\AndroidManifest.xml:39:5-65
	android:name
		ADDED from src\main\AndroidManifest.xml:39:22-62
uses-permission#android.permission.INTERNET
ADDED from src\main\AndroidManifest.xml:40:5-67
	android:name
		ADDED from src\main\AndroidManifest.xml:40:22-64
uses-permission#android.permission.RECORD_AUDIO
ADDED from src\main\AndroidManifest.xml:41:5-71
	android:name
		ADDED from src\main\AndroidManifest.xml:41:22-68
uses-permission#android.permission.MODIFY_AUDIO_SETTINGS
ADDED from src\main\AndroidManifest.xml:42:5-80
	android:name
		ADDED from src\main\AndroidManifest.xml:42:22-77
uses-permission#android.permission.RESTART_PACKAGES
ADDED from src\main\AndroidManifest.xml:43:5-75
	android:name
		ADDED from src\main\AndroidManifest.xml:43:22-72